<?xml version="1.0" encoding="UTF-8"?>
<testsuite name="com.bine.MainTest" tests="1" skipped="0" failures="0" errors="0" timestamp="2016-12-04T08:50:32" hostname="Selzer-Thinkpad" time="0.015">
  <properties/>
  <testcase name="sagCiao" classname="com.bine.MainTest" time="0.015"/>
  <system-out><![CDATA[]]></system-out>
  <system-err><![CDATA[]]></system-err>
</testsuite>
